c:\users\chan\source\repos\shootinggame-main\shootinggame\x64\debug\vc143.pdb
c:\users\chan\source\repos\shootinggame-main\shootinggame\x64\debug\vc143.idb
c:\users\chan\source\repos\shootinggame-main\shootinggame\x64\debug\obj.obj
c:\users\chan\source\repos\shootinggame-main\shootinggame\x64\debug\laser.obj
c:\users\chan\source\repos\shootinggame-main\shootinggame\x64\debug\bullet.obj
c:\users\chan\source\repos\shootinggame-main\shootinggame\x64\debug\stagemanager.obj
c:\users\chan\source\repos\shootinggame-main\shootinggame\x64\debug\printmanager.obj
c:\users\chan\source\repos\shootinggame-main\shootinggame\x64\debug\objmanager.obj
c:\users\chan\source\repos\shootinggame-main\shootinggame\x64\debug\enemymanager.obj
c:\users\chan\source\repos\shootinggame-main\shootinggame\x64\debug\effectmanager.obj
c:\users\chan\source\repos\shootinggame-main\shootinggame\x64\debug\bulletmanager.obj
c:\users\chan\source\repos\shootinggame-main\shootinggame\x64\debug\main.obj
c:\users\chan\source\repos\shootinggame-main\shootinggame\x64\debug\effect.obj
c:\users\chan\source\repos\shootinggame-main\shootinggame\x64\debug\player.obj
c:\users\chan\source\repos\shootinggame-main\shootinggame\x64\debug\normalenemy.obj
c:\users\chan\source\repos\shootinggame-main\shootinggame\x64\debug\laserenemy.obj
c:\users\chan\source\repos\shootinggame-main\shootinggame\x64\debug\enemy.obj
c:\users\chan\source\repos\shootinggame-main\shootinggame\x64\debug\doubleshootenemy.obj
c:\users\chan\source\repos\shootinggame-main\shootinggame\x64\debug\character.obj
c:\users\chan\source\repos\shootinggame-main\shootinggame\x64\debug\utils.obj
c:\users\chan\source\repos\shootinggame-main\shootinggame\x64\debug\timer.obj
c:\users\chan\source\repos\shootinggame-main\shootinggame\x64\debug\fastshootenemy.obj
c:\users\chan\source\repos\shootinggame-main\shootinggame\x64\debug\shootinggame.tlog\cl.command.1.tlog
c:\users\chan\source\repos\shootinggame-main\shootinggame\x64\debug\shootinggame.tlog\cl.read.1.tlog
c:\users\chan\source\repos\shootinggame-main\shootinggame\x64\debug\shootinggame.tlog\cl.write.1.tlog
